2021-04-27 20:44:07 Loading main app package /tmp/.mount_Obsidi87n8My/resources/obsidian.asar
2021-04-27 20:44:08 Checking for update using Github
2021-04-27 20:44:08 Success.
2021-04-27 20:44:08 Latest version is 0.11.13
2021-04-27 20:44:08 App is up to date.
2021-04-27 20:47:42 Loading main app package /tmp/.mount_obsidisl5a49/resources/obsidian.asar
2021-04-27 20:47:42 Checking for update using Github
2021-04-27 20:47:42 Success.
2021-04-27 20:47:42 Latest version is 0.11.13
2021-04-27 20:47:42 App is up to date.
2021-04-27 20:55:54 Loading main app package /tmp/.mount_obsidi0u4xIt/resources/obsidian.asar
2021-04-27 20:56:03 Checking for update using Github
2021-04-27 20:56:03 Success.
2021-04-27 20:56:03 Latest version is 0.11.13
2021-04-27 20:56:03 App is up to date.
2021-04-27 20:56:13 Loading main app package /tmp/.mount_obsidiDWkr5Q/resources/obsidian.asar
2021-04-27 20:56:13 Checking for update using Github
2021-04-27 20:56:13 Success.
2021-04-27 20:56:13 Latest version is 0.11.13
2021-04-27 20:56:13 App is up to date.
2021-04-28 21:50:11 Loading main app package /tmp/.mount_obsidihFI1R1/resources/obsidian.asar
2021-04-28 21:50:12 Checking for update using Github
2021-04-28 21:50:12 Success.
2021-04-28 21:50:12 Latest version is 0.11.13
2021-04-28 21:50:12 App is up to date.
2021-04-28 22:50:11 Checking for update using Github
2021-04-28 22:50:12 Success.
2021-04-28 22:50:12 Latest version is 0.11.13
2021-04-28 22:50:12 App is up to date.
2021-05-01 14:14:19 Loading main app package /tmp/.mount_obsidifNWvEh/resources/obsidian.asar
2021-05-01 14:14:20 Checking for update using Github
2021-05-01 14:14:20 Success.
2021-05-01 14:14:20 Latest version is 0.11.13
2021-05-01 14:14:20 App is up to date.
2021-05-06 19:28:48 Loading main app package /tmp/.mount_obsidiPsVAKy/resources/obsidian.asar
2021-05-06 19:28:49 Checking for update using Github
2021-05-06 19:28:49 Success.
2021-05-06 19:28:49 Latest version is 0.11.13
2021-05-06 19:28:49 App is up to date.
2021-05-06 20:28:48 Checking for update using Github
2021-05-06 20:28:49 Success.
2021-05-06 20:28:49 Latest version is 0.11.13
2021-05-06 20:28:49 App is up to date.
2021-05-06 21:28:48 Checking for update using Github
2021-05-06 21:28:49 Success.
2021-05-06 21:28:49 Latest version is 0.11.13
2021-05-06 21:28:49 App is up to date.
2021-05-06 21:41:11 Loading main app package /tmp/.mount_obsidikA5ItT/resources/obsidian.asar
2021-05-06 21:41:11 Checking for update using Github
2021-05-06 21:41:12 Success.
2021-05-06 21:41:12 Latest version is 0.11.13
2021-05-06 21:41:12 App is up to date.
2021-05-06 22:41:11 Checking for update using Github
2021-05-06 22:41:12 Success.
2021-05-06 22:41:12 Latest version is 0.11.13
2021-05-06 22:41:12 App is up to date.
2021-05-06 23:41:11 Checking for update using Github
2021-05-06 23:41:12 Success.
2021-05-06 23:41:12 Latest version is 0.11.13
2021-05-06 23:41:12 App is up to date.
2021-05-07 00:41:11 Checking for update using Github
2021-05-07 00:41:12 Success.
2021-05-07 00:41:12 Latest version is 0.11.13
2021-05-07 00:41:12 App is up to date.
2021-05-07 01:41:11 Checking for update using Github
2021-05-07 01:41:12 Success.
2021-05-07 01:41:12 Latest version is 0.11.13
2021-05-07 01:41:12 App is up to date.
2021-05-07 02:41:11 Checking for update using Github
2021-05-07 02:41:12 Success.
2021-05-07 02:41:12 Latest version is 0.11.13
2021-05-07 02:41:12 App is up to date.
2021-05-07 03:41:11 Checking for update using Github
2021-05-07 03:41:12 Success.
2021-05-07 03:41:12 Latest version is 0.11.13
2021-05-07 03:41:12 App is up to date.
2021-05-07 04:41:12 Checking for update using Github
2021-05-07 04:41:12 Success.
2021-05-07 04:41:12 Latest version is 0.11.13
2021-05-07 04:41:12 App is up to date.
2021-05-07 05:41:12 Checking for update using Github
2021-05-07 05:41:12 Success.
2021-05-07 05:41:12 Latest version is 0.11.13
2021-05-07 05:41:12 App is up to date.
2021-05-07 06:41:12 Checking for update using Github
2021-05-07 06:41:12 Success.
2021-05-07 06:41:12 Latest version is 0.11.13
2021-05-07 06:41:12 App is up to date.
2021-05-07 07:41:12 Checking for update using Github
2021-05-07 07:41:12 Success.
2021-05-07 07:41:12 Latest version is 0.11.13
2021-05-07 07:41:12 App is up to date.
2021-05-07 08:41:12 Checking for update using Github
2021-05-07 08:41:12 Success.
2021-05-07 08:41:12 Latest version is 0.11.13
2021-05-07 08:41:12 App is up to date.
2021-05-07 09:41:12 Checking for update using Github
2021-05-07 09:41:12 Success.
2021-05-07 09:41:12 Latest version is 0.11.13
2021-05-07 09:41:12 App is up to date.
2021-05-07 10:41:12 Checking for update using Github
2021-05-07 10:41:12 Success.
2021-05-07 10:41:12 Latest version is 0.11.13
2021-05-07 10:41:12 App is up to date.
2021-05-07 11:41:12 Checking for update using Github
2021-05-07 11:41:13 Success.
2021-05-07 11:41:13 Latest version is 0.11.13
2021-05-07 11:41:13 App is up to date.
2021-05-07 12:41:12 Checking for update using Github
2021-05-07 12:41:12 Success.
2021-05-07 12:41:12 Latest version is 0.11.13
2021-05-07 12:41:12 App is up to date.
2021-05-07 13:41:12 Checking for update using Github
2021-05-07 13:41:13 Success.
2021-05-07 13:41:13 Latest version is 0.11.13
2021-05-07 13:41:13 App is up to date.
2021-05-07 14:41:12 Checking for update using Github
2021-05-07 14:41:13 Success.
2021-05-07 14:41:13 Latest version is 0.11.13
2021-05-07 14:41:13 App is up to date.
2021-05-07 15:41:12 Checking for update using Github
2021-05-07 15:41:13 Success.
2021-05-07 15:41:13 Latest version is 0.11.13
2021-05-07 15:41:13 App is up to date.
2021-05-07 16:41:13 Checking for update using Github
2021-05-07 16:41:13 Success.
2021-05-07 16:41:13 Latest version is 0.11.13
2021-05-07 16:41:13 App is up to date.
2021-05-07 17:41:13 Checking for update using Github
2021-05-07 17:41:13 Success.
2021-05-07 17:41:13 Latest version is 0.11.13
2021-05-07 17:41:13 App is up to date.
2021-05-07 18:41:13 Checking for update using Github
2021-05-07 18:41:13 Success.
2021-05-07 18:41:13 Latest version is 0.11.13
2021-05-07 18:41:13 App is up to date.
2021-05-07 19:41:13 Checking for update using Github
2021-05-07 19:41:13 Success.
2021-05-07 19:41:13 Latest version is 0.11.13
2021-05-07 19:41:13 App is up to date.
2021-05-07 20:41:13 Checking for update using Github
2021-05-07 20:41:13 Success.
2021-05-07 20:41:13 Latest version is 0.11.13
2021-05-07 20:41:13 App is up to date.
2021-05-07 21:41:13 Checking for update using Github
2021-05-07 21:41:13 Success.
2021-05-07 21:41:13 Latest version is 0.11.13
2021-05-07 21:41:13 App is up to date.
2021-05-07 22:41:13 Checking for update using Github
2021-05-07 22:41:13 Success.
2021-05-07 22:41:13 Latest version is 0.11.13
2021-05-07 22:41:13 App is up to date.
2021-05-08 07:30:16 Loading main app package /tmp/.mount_obsidi8fF8JP/resources/obsidian.asar
2021-05-08 07:30:17 Checking for update using Github
2021-05-08 07:30:17 Success.
2021-05-08 07:30:17 Latest version is 0.11.13
2021-05-08 07:30:17 App is up to date.
2021-05-08 09:42:55 Loading main app package /tmp/.mount_obsidiEYhUoH/resources/obsidian.asar
2021-05-08 09:42:55 Checking for update using Github
2021-05-08 09:42:56 Success.
2021-05-08 09:42:56 Latest version is 0.11.13
2021-05-08 09:42:56 App is up to date.
2021-05-08 10:42:55 Checking for update using Github
2021-05-08 10:42:55 Success.
2021-05-08 10:42:55 Latest version is 0.11.13
2021-05-08 10:42:55 App is up to date.
2021-05-08 11:42:55 Checking for update using Github
2021-05-08 11:42:55 Success.
2021-05-08 11:42:55 Latest version is 0.11.13
2021-05-08 11:42:55 App is up to date.
2021-05-08 12:42:55 Checking for update using Github
2021-05-08 12:42:55 Success.
2021-05-08 12:42:55 Latest version is 0.11.13
2021-05-08 12:42:55 App is up to date.
2021-05-08 13:42:55 Checking for update using Github
2021-05-08 13:42:55 Success.
2021-05-08 13:42:55 Latest version is 0.11.13
2021-05-08 13:42:55 App is up to date.
2021-05-08 14:42:55 Checking for update using Github
2021-05-08 14:42:55 Success.
2021-05-08 14:42:55 Latest version is 0.11.13
2021-05-08 14:42:55 App is up to date.
2021-05-08 15:42:55 Checking for update using Github
2021-05-08 15:42:55 Success.
2021-05-08 15:42:55 Latest version is 0.11.13
2021-05-08 15:42:55 App is up to date.
2021-05-08 16:42:55 Checking for update using Github
2021-05-08 16:42:55 Success.
2021-05-08 16:42:55 Latest version is 0.11.13
2021-05-08 16:42:55 App is up to date.
2021-05-08 17:36:36 Loading main app package /tmp/.mount_obsidiFpQtEn/resources/obsidian.asar
2021-05-08 17:36:36 Checking for update using Github
2021-05-08 17:42:55 Checking for update using Github
2021-05-08 17:42:56 Success.
2021-05-08 17:42:56 Latest version is 0.11.13
2021-05-08 17:42:56 App is up to date.
2021-05-08 18:42:55 Checking for update using Github
2021-05-08 18:42:56 Success.
2021-05-08 18:42:56 Latest version is 0.11.13
2021-05-08 18:42:56 App is up to date.
2021-05-08 19:42:55 Checking for update using Github
2021-05-08 19:42:56 Success.
2021-05-08 19:42:56 Latest version is 0.11.13
2021-05-08 19:42:56 App is up to date.
2021-05-08 20:42:55 Checking for update using Github
2021-05-08 20:42:56 Success.
2021-05-08 20:42:56 Latest version is 0.11.13
2021-05-08 20:42:56 App is up to date.
2021-05-08 21:42:55 Checking for update using Github
2021-05-08 21:42:56 Success.
2021-05-08 21:42:56 Latest version is 0.11.13
2021-05-08 21:42:56 App is up to date.
2021-05-08 22:42:56 Checking for update using Github
2021-05-08 22:42:56 Success.
2021-05-08 22:42:56 Latest version is 0.11.13
2021-05-08 22:42:56 App is up to date.
2021-05-09 16:34:36 Loading main app package /tmp/.mount_obsidicQYrOj/resources/obsidian.asar
2021-05-09 16:34:36 Checking for update using Github
2021-05-09 16:34:36 Success.
2021-05-09 16:34:36 Latest version is 0.11.13
2021-05-09 16:34:36 App is up to date.
2021-05-09 17:34:36 Checking for update using Github
2021-05-09 17:34:36 Success.
2021-05-09 17:34:36 Latest version is 0.11.13
2021-05-09 17:34:36 App is up to date.
2021-05-09 18:34:36 Checking for update using Github
2021-05-09 18:34:36 Success.
2021-05-09 18:34:36 Latest version is 0.11.13
2021-05-09 18:34:36 App is up to date.
2021-05-09 19:34:36 Checking for update using Github
2021-05-09 19:34:36 Success.
2021-05-09 19:34:36 Latest version is 0.11.13
2021-05-09 19:34:36 App is up to date.
2021-05-09 20:34:36 Checking for update using Github
2021-05-09 20:34:37 Success.
2021-05-09 20:34:37 Latest version is 0.11.13
2021-05-09 20:34:37 App is up to date.
2021-05-10 20:07:49 Loading main app package /tmp/.mount_obsidiFDUMAo/resources/obsidian.asar
2021-05-10 20:07:49 Checking for update using Github
2021-05-10 20:07:50 Success.
2021-05-10 20:07:50 Latest version is 0.11.13
2021-05-10 20:07:50 App is up to date.
2021-05-10 21:07:49 Checking for update using Github
2021-05-10 21:07:49 Success.
2021-05-10 21:07:49 Latest version is 0.12.3
2021-05-10 21:07:49 Downloading update from https://github.com/obsidianmd/obsidian-releases/releases/download/v0.12.3/obsidian-0.12.3.asar.gz
2021-05-10 21:07:51 Verifying hash & signature
2021-05-10 21:07:51 Saving file
2021-05-10 21:07:51 Update complete.
2021-05-11 07:04:33 Loading updated app package /home/yp/dotfiles/.config/obsidian/obsidian-0.12.3.asar
2021-05-11 07:04:33 Checking for update using Github
2021-05-11 07:04:39 Success.
2021-05-11 07:04:39 Latest version is 0.12.3
2021-05-11 07:04:39 App is up to date.
2021-05-11 08:04:33 Checking for update using Github
2021-05-11 08:04:33 Success.
2021-05-11 08:04:33 Latest version is 0.12.3
2021-05-11 08:04:33 App is up to date.
2021-05-11 19:55:10 Loading updated app package /home/yp/dotfiles/.config/obsidian/obsidian-0.12.3.asar
2021-05-11 19:55:10 Checking for update using Github
2021-05-11 19:55:20 Success.
2021-05-11 19:55:20 Latest version is 0.12.3
2021-05-11 19:55:20 App is up to date.
2021-05-11 20:55:10 Checking for update using Github
2021-05-11 20:55:10 Success.
2021-05-11 20:55:10 Latest version is 0.12.3
2021-05-11 20:55:10 App is up to date.
2021-05-11 21:55:10 Checking for update using Github
2021-05-11 21:55:10 Success.
2021-05-11 21:55:10 Latest version is 0.12.3
2021-05-11 21:55:10 App is up to date.
2021-05-11 22:55:10 Checking for update using Github
2021-05-11 22:55:10 Success.
2021-05-11 22:55:10 Latest version is 0.12.3
2021-05-11 22:55:10 App is up to date.
2021-05-11 22:58:17 Loading updated app package /home/yp/dotfiles/.config/obsidian/obsidian-0.12.3.asar
2021-05-11 22:58:17 Checking for update using Github
2021-05-11 22:58:17 Success.
2021-05-11 22:58:17 Latest version is 0.12.3
2021-05-11 22:58:17 App is up to date.
2021-05-12 19:49:58 Loading updated app package /home/yp/dotfiles/.config/obsidian/obsidian-0.12.3.asar
2021-05-12 19:49:58 Checking for update using Github
2021-05-12 19:49:59 Success.
2021-05-12 19:49:59 Latest version is 0.12.3
2021-05-12 19:49:59 App is up to date.
2021-05-12 20:20:01 Loading updated app package /home/yp/dotfiles/.config/obsidian/obsidian-0.12.3.asar
2021-05-12 20:20:01 Checking for update using Github
2021-05-12 20:21:08 Loading updated app package /home/yp/dotfiles/.config/obsidian/obsidian-0.12.3.asar
2021-05-12 20:21:08 Checking for update using Github
2021-05-12 20:21:47 Loading updated app package /home/yp/dotfiles/.config/obsidian/obsidian-0.12.3.asar
2021-05-12 20:21:48 Checking for update using Github
2021-05-12 20:49:58 Checking for update using Github
2021-05-12 20:49:58 Success.
2021-05-12 20:49:58 Latest version is 0.12.3
2021-05-12 20:49:58 App is up to date.
2021-05-12 21:49:58 Checking for update using Github
2021-05-12 21:49:58 Success.
2021-05-12 21:49:58 Latest version is 0.12.3
2021-05-12 21:49:58 App is up to date.
2021-05-13 01:20:43 Loading updated app package /home/yp/dotfiles/.config/obsidian/obsidian-0.12.3.asar
2021-05-13 01:20:44 Checking for update using Github
2021-05-13 01:20:44 Success.
2021-05-13 01:20:44 Latest version is 0.12.3
2021-05-13 01:20:44 App is up to date.
2021-05-13 15:30:13 Loading updated app package /home/yp/dotfiles/.config/obsidian/obsidian-0.12.3.asar
2021-05-13 15:30:13 Checking for update using Github
2021-05-13 15:30:14 Success.
2021-05-13 15:30:14 Latest version is 0.12.3
2021-05-13 15:30:14 App is up to date.
2021-05-13 16:30:13 Checking for update using Github
2021-05-13 16:30:13 Success.
2021-05-13 16:30:13 Latest version is 0.12.3
2021-05-13 16:30:13 App is up to date.
2021-05-13 17:30:13 Checking for update using Github
2021-05-13 17:30:14 Success.
2021-05-13 17:30:14 Latest version is 0.12.3
2021-05-13 17:30:14 App is up to date.
2021-05-13 18:30:13 Checking for update using Github
2021-05-13 18:30:14 Success.
2021-05-13 18:30:14 Latest version is 0.12.3
2021-05-13 18:30:14 App is up to date.
2021-05-13 19:04:32 Loading updated app package /home/yp/dotfiles/.config/obsidian/obsidian-0.12.3.asar
2021-05-13 19:04:32 Checking for update using Github
2021-05-13 19:04:33 Success.
2021-05-13 19:04:33 Latest version is 0.12.3
2021-05-13 19:04:33 App is up to date.
2021-05-13 20:04:32 Checking for update using Github
2021-05-13 20:04:32 Success.
2021-05-13 20:04:32 Latest version is 0.12.3
2021-05-13 20:04:32 App is up to date.
2021-05-18 16:47:22 Loading updated app package /home/yp/dotfiles/.config/obsidian/obsidian-0.12.3.asar
2021-05-18 16:47:22 Checking for update using Github
2021-05-18 16:47:22 Success.
2021-05-18 16:47:22 Latest version is 0.12.3
2021-05-18 16:47:22 App is up to date.
2021-05-18 16:59:22 Loading updated app package /home/yp/dotfiles/.config/obsidian/obsidian-0.12.3.asar
2021-05-18 16:59:23 Checking for update using Github
2021-05-18 16:59:23 Success.
2021-05-18 16:59:23 Latest version is 0.12.3
2021-05-18 16:59:23 App is up to date.
2021-05-18 17:59:23 Checking for update using Github
2021-05-18 17:59:23 Success.
2021-05-18 17:59:23 Latest version is 0.12.3
2021-05-18 17:59:23 App is up to date.
2021-05-18 18:59:23 Checking for update using Github
2021-05-18 18:59:23 Success.
2021-05-18 18:59:23 Latest version is 0.12.3
2021-05-18 18:59:23 App is up to date.
2021-05-18 19:59:23 Checking for update using Github
2021-05-18 19:59:23 Success.
2021-05-18 19:59:23 Latest version is 0.12.3
2021-05-18 19:59:23 App is up to date.
2021-05-19 04:00:47 Loading updated app package /home/yp/dotfiles/.config/obsidian/obsidian-0.12.3.asar
2021-05-19 04:00:47 Checking for update using Github
2021-05-19 04:00:47 Success.
2021-05-19 04:00:47 Latest version is 0.12.3
2021-05-19 04:00:47 App is up to date.
2021-05-19 04:48:37 Loading updated app package /home/yp/dotfiles/.config/obsidian/obsidian-0.12.3.asar
2021-05-19 04:48:38 Checking for update using Github
2021-05-19 04:48:38 Success.
2021-05-19 04:48:38 Latest version is 0.12.3
2021-05-19 04:48:38 App is up to date.
2021-05-19 18:05:53 Loading updated app package /home/yp/dotfiles/.config/obsidian/obsidian-0.12.3.asar
2021-05-19 18:05:53 Checking for update using Github
2021-05-19 18:05:53 Success.
2021-05-19 18:05:53 Latest version is 0.12.3
2021-05-19 18:05:53 App is up to date.
2021-05-21 11:13:39 Loading updated app package /home/yp/dotfiles/.config/obsidian/obsidian-0.12.3.asar
2021-05-21 11:13:40 Checking for update using Github
2021-05-21 11:13:40 Success.
2021-05-21 11:13:40 Latest version is 0.12.3
2021-05-21 11:13:40 App is up to date.
2021-05-21 12:13:39 Checking for update using Github
2021-05-21 12:13:40 Success.
2021-05-21 12:13:40 Latest version is 0.12.3
2021-05-21 12:13:40 App is up to date.
2021-05-22 09:53:26 Loading updated app package /home/yp/dotfiles/.config/obsidian/obsidian-0.12.3.asar
2021-05-22 09:53:26 Checking for update using Github
2021-05-22 09:53:26 Success.
2021-05-22 09:53:26 Latest version is 0.12.3
2021-05-22 09:53:26 App is up to date.
2021-05-22 10:53:26 Checking for update using Github
2021-05-22 10:53:26 Success.
2021-05-22 10:53:26 Latest version is 0.12.3
2021-05-22 10:53:26 App is up to date.
2021-05-22 11:53:26 Checking for update using Github
2021-05-22 11:53:26 Success.
2021-05-22 11:53:26 Latest version is 0.12.3
2021-05-22 11:53:26 App is up to date.
2021-05-22 12:53:26 Checking for update using Github
2021-05-22 12:53:26 Success.
2021-05-22 12:53:26 Latest version is 0.12.3
2021-05-22 12:53:26 App is up to date.
2021-05-22 13:53:26 Checking for update using Github
2021-05-22 13:53:26 Success.
2021-05-22 13:53:26 Latest version is 0.12.3
2021-05-22 13:53:26 App is up to date.
2021-05-22 14:53:26 Checking for update using Github
2021-05-22 14:53:26 Success.
2021-05-22 14:53:26 Latest version is 0.12.3
2021-05-22 14:53:26 App is up to date.
2021-05-22 15:53:26 Checking for update using Github
2021-05-22 15:53:26 Success.
2021-05-22 15:53:26 Latest version is 0.12.3
2021-05-22 15:53:26 App is up to date.
2021-05-22 16:53:26 Checking for update using Github
2021-05-22 16:53:27 Success.
2021-05-22 16:53:27 Latest version is 0.12.3
2021-05-22 16:53:27 App is up to date.
2021-05-22 17:53:26 Checking for update using Github
2021-05-22 17:53:27 Success.
2021-05-22 17:53:27 Latest version is 0.12.3
2021-05-22 17:53:27 App is up to date.
2021-05-22 18:53:26 Checking for update using Github
2021-05-22 18:53:27 Success.
2021-05-22 18:53:27 Latest version is 0.12.3
2021-05-22 18:53:27 App is up to date.
2021-05-22 19:53:26 Checking for update using Github
2021-05-22 19:53:27 Success.
2021-05-22 19:53:27 Latest version is 0.12.3
2021-05-22 19:53:27 App is up to date.
2021-05-22 20:53:26 Checking for update using Github
2021-05-22 20:53:27 Success.
2021-05-22 20:53:27 Latest version is 0.12.3
2021-05-22 20:53:27 App is up to date.
2021-05-22 21:20:03 Loading updated app package /home/yp/dotfiles/.config/obsidian/obsidian-0.12.3.asar
2021-05-22 21:20:03 Checking for update using Github
2021-05-22 21:53:27 Checking for update using Github
2021-05-22 21:53:27 Success.
2021-05-22 21:53:27 Latest version is 0.12.3
2021-05-22 21:53:27 App is up to date.
2021-05-24 19:47:05 Loading updated app package /home/yp/dotfiles/.config/obsidian/obsidian-0.12.3.asar
2021-05-24 19:47:06 Checking for update using Github
2021-05-24 19:47:06 Success.
2021-05-24 19:47:06 Latest version is 0.12.3
2021-05-24 19:47:06 App is up to date.
